[2024-01-06 07:29:04Z INFO HostContext] No proxy settings were found based on environmental variables (http_proxy/https_proxy/HTTP_PROXY/HTTPS_PROXY)
[2024-01-06 07:29:04Z INFO HostContext] Well known directory 'Bin': 'D:\Data\Abhijit\Script\GitHubActions\first-action\actions-runner\bin'
[2024-01-06 07:29:04Z INFO HostContext] Well known directory 'Root': 'D:\Data\Abhijit\Script\GitHubActions\first-action\actions-runner'
[2024-01-06 07:29:04Z INFO HostContext] Well known config file 'Credentials': 'D:\Data\Abhijit\Script\GitHubActions\first-action\actions-runner\.credentials'
[2024-01-06 07:29:04Z INFO HostContext] Well known directory 'Bin': 'D:\Data\Abhijit\Script\GitHubActions\first-action\actions-runner\bin'
[2024-01-06 07:29:04Z INFO HostContext] Well known directory 'Root': 'D:\Data\Abhijit\Script\GitHubActions\first-action\actions-runner'
[2024-01-06 07:29:04Z INFO HostContext] Well known config file 'Runner': 'D:\Data\Abhijit\Script\GitHubActions\first-action\actions-runner\.runner'
[2024-01-06 07:29:04Z INFO Listener] Runner is built for Windows (X64) - win-x64.
[2024-01-06 07:29:04Z INFO Listener] RuntimeInformation: Microsoft Windows 10.0.22621.
[2024-01-06 07:29:04Z INFO Listener] Version: 2.311.0
[2024-01-06 07:29:04Z INFO Listener] Commit: f5cff308c83746dddd726a9a28a1583872305aaa
[2024-01-06 07:29:04Z INFO Listener] Culture: en-IN
[2024-01-06 07:29:04Z INFO Listener] UI Culture: en-US
[2024-01-06 07:29:04Z INFO HostContext] Well known directory 'Bin': 'D:\Data\Abhijit\Script\GitHubActions\first-action\actions-runner\bin'
[2024-01-06 07:29:04Z INFO HostContext] Well known directory 'Root': 'D:\Data\Abhijit\Script\GitHubActions\first-action\actions-runner'
[2024-01-06 07:29:04Z INFO Listener] Validating directory permissions for: 'D:\Data\Abhijit\Script\GitHubActions\first-action\actions-runner'
[2024-01-06 07:29:04Z INFO CommandLineParser] Parse
[2024-01-06 07:29:04Z INFO CommandLineParser] Parsing 5 args
[2024-01-06 07:29:04Z INFO CommandLineParser] parsing argument
[2024-01-06 07:29:04Z INFO CommandLineParser] HasArgs: False
[2024-01-06 07:29:04Z INFO CommandLineParser] Adding Command: configure
[2024-01-06 07:29:04Z INFO CommandLineParser] parsing argument
[2024-01-06 07:29:04Z INFO CommandLineParser] HasArgs: True
[2024-01-06 07:29:04Z INFO CommandLineParser] arg: url
[2024-01-06 07:29:04Z INFO CommandLineParser] parsing argument
[2024-01-06 07:29:04Z INFO CommandLineParser] HasArgs: True
[2024-01-06 07:29:04Z INFO CommandLineParser] Adding option 'url': 'https://github.com/Abhijit1983/first-action'
[2024-01-06 07:29:04Z INFO CommandLineParser] parsing argument
[2024-01-06 07:29:04Z INFO CommandLineParser] HasArgs: True
[2024-01-06 07:29:04Z INFO CommandLineParser] arg: token
[2024-01-06 07:29:04Z INFO CommandLineParser] parsing argument
[2024-01-06 07:29:04Z INFO CommandLineParser] HasArgs: True
[2024-01-06 07:29:04Z INFO CommandLineParser] Adding option 'token': '***'
[2024-01-06 07:29:04Z INFO Listener] Arguments parsed
[2024-01-06 07:29:04Z INFO Runner] ExecuteCommand
[2024-01-06 07:29:04Z INFO ConfigurationStore] currentAssemblyLocation: D:\Data\Abhijit\Script\GitHubActions\first-action\actions-runner\bin\Runner.Listener.dll
[2024-01-06 07:29:04Z INFO HostContext] Well known directory 'Bin': 'D:\Data\Abhijit\Script\GitHubActions\first-action\actions-runner\bin'
[2024-01-06 07:29:04Z INFO ConfigurationStore] binPath: D:\Data\Abhijit\Script\GitHubActions\first-action\actions-runner\bin
[2024-01-06 07:29:04Z INFO HostContext] Well known directory 'Bin': 'D:\Data\Abhijit\Script\GitHubActions\first-action\actions-runner\bin'
[2024-01-06 07:29:04Z INFO HostContext] Well known directory 'Root': 'D:\Data\Abhijit\Script\GitHubActions\first-action\actions-runner'
[2024-01-06 07:29:04Z INFO ConfigurationStore] RootFolder: D:\Data\Abhijit\Script\GitHubActions\first-action\actions-runner
[2024-01-06 07:29:04Z INFO HostContext] Well known directory 'Bin': 'D:\Data\Abhijit\Script\GitHubActions\first-action\actions-runner\bin'
[2024-01-06 07:29:04Z INFO HostContext] Well known directory 'Root': 'D:\Data\Abhijit\Script\GitHubActions\first-action\actions-runner'
[2024-01-06 07:29:04Z INFO HostContext] Well known config file 'Runner': 'D:\Data\Abhijit\Script\GitHubActions\first-action\actions-runner\.runner'
[2024-01-06 07:29:04Z INFO ConfigurationStore] ConfigFilePath: D:\Data\Abhijit\Script\GitHubActions\first-action\actions-runner\.runner
[2024-01-06 07:29:04Z INFO HostContext] Well known directory 'Bin': 'D:\Data\Abhijit\Script\GitHubActions\first-action\actions-runner\bin'
[2024-01-06 07:29:04Z INFO HostContext] Well known directory 'Root': 'D:\Data\Abhijit\Script\GitHubActions\first-action\actions-runner'
[2024-01-06 07:29:04Z INFO HostContext] Well known config file 'Credentials': 'D:\Data\Abhijit\Script\GitHubActions\first-action\actions-runner\.credentials'
[2024-01-06 07:29:04Z INFO ConfigurationStore] CredFilePath: D:\Data\Abhijit\Script\GitHubActions\first-action\actions-runner\.credentials
[2024-01-06 07:29:04Z INFO HostContext] Well known directory 'Bin': 'D:\Data\Abhijit\Script\GitHubActions\first-action\actions-runner\bin'
[2024-01-06 07:29:04Z INFO HostContext] Well known directory 'Root': 'D:\Data\Abhijit\Script\GitHubActions\first-action\actions-runner'
[2024-01-06 07:29:04Z INFO HostContext] Well known config file 'MigratedCredentials': 'D:\Data\Abhijit\Script\GitHubActions\first-action\actions-runner\.credentials_migrated'
[2024-01-06 07:29:04Z INFO ConfigurationStore] MigratedCredFilePath: D:\Data\Abhijit\Script\GitHubActions\first-action\actions-runner\.credentials_migrated
[2024-01-06 07:29:04Z INFO HostContext] Well known directory 'Bin': 'D:\Data\Abhijit\Script\GitHubActions\first-action\actions-runner\bin'
[2024-01-06 07:29:04Z INFO HostContext] Well known directory 'Root': 'D:\Data\Abhijit\Script\GitHubActions\first-action\actions-runner'
[2024-01-06 07:29:04Z INFO HostContext] Well known config file 'Service': 'D:\Data\Abhijit\Script\GitHubActions\first-action\actions-runner\.service'
[2024-01-06 07:29:04Z INFO ConfigurationStore] ServiceConfigFilePath: D:\Data\Abhijit\Script\GitHubActions\first-action\actions-runner\.service
[2024-01-06 07:29:04Z INFO CommandSettings] Flag 'help': 'False'
[2024-01-06 07:29:04Z INFO CommandSettings] Flag 'version': 'False'
[2024-01-06 07:29:04Z INFO CommandSettings] Flag 'commit': 'False'
[2024-01-06 07:29:04Z INFO CommandSettings] Flag 'check': 'False'
[2024-01-06 07:29:04Z INFO CommandSettings] Command 'configure': 'True'
[2024-01-06 07:29:04Z INFO Terminal] WRITE LINE: 
[2024-01-06 07:29:04Z INFO Terminal] WRITE LINE: --------------------------------------------------------------------------------
[2024-01-06 07:29:04Z INFO Terminal] WRITE LINE: |        ____ _ _   _   _       _          _        _   _                      |
[2024-01-06 07:29:04Z INFO Terminal] WRITE LINE: |       / ___(_) |_| | | |_   _| |__      / \   ___| |_(_) ___  _ __  ___      |
[2024-01-06 07:29:04Z INFO Terminal] WRITE LINE: |      | |  _| | __| |_| | | | | '_ \    / _ \ / __| __| |/ _ \| '_ \/ __|     |
[2024-01-06 07:29:04Z INFO Terminal] WRITE LINE: |      | |_| | | |_|  _  | |_| | |_) |  / ___ \ (__| |_| | (_) | | | \__ \     |
[2024-01-06 07:29:04Z INFO Terminal] WRITE LINE: |       \____|_|\__|_| |_|\__,_|_.__/  /_/   \_\___|\__|_|\___/|_| |_|___/     |
[2024-01-06 07:29:04Z INFO Terminal] WRITE LINE: |                                                                              |
[2024-01-06 07:29:04Z INFO Terminal] WRITE: |                       
[2024-01-06 07:29:04Z INFO Terminal] WRITE: Self-hosted runner registration
[2024-01-06 07:29:04Z INFO Terminal] WRITE LINE:                         |
[2024-01-06 07:29:04Z INFO Terminal] WRITE LINE: |                                                                              |
[2024-01-06 07:29:04Z INFO Terminal] WRITE LINE: --------------------------------------------------------------------------------
[2024-01-06 07:29:04Z INFO ConfigurationManager] ConfigureAsync
[2024-01-06 07:29:04Z INFO CommandSettings] Flag 'generateServiceConfig': 'False'
[2024-01-06 07:29:04Z INFO ConfigurationStore] IsConfigured()
[2024-01-06 07:29:04Z INFO ConfigurationStore] IsConfigured: False
[2024-01-06 07:29:04Z INFO ConfigurationManager] Is configured: False
[2024-01-06 07:29:04Z INFO CommandSettings] Arg 'url': 'https://github.com/Abhijit1983/first-action'
[2024-01-06 07:29:04Z INFO CommandSettings] Remove url from Arg dictionary.
[2024-01-06 07:29:04Z INFO CommandSettings] Arg 'token': '***'
[2024-01-06 07:29:04Z INFO CommandSettings] Remove token from Arg dictionary.
[2024-01-06 07:29:05Z INFO ConfigurationManager] Http response code: OK from 'POST https://api.github.com/actions/runner-registration' (38C4:367FC3:8356A7:9234F9:65990141)
[2024-01-06 07:29:05Z INFO ConfigurationManager] Using V2 flow: False
[2024-01-06 07:29:05Z INFO ConfigurationManager] cred retrieved via GitHub auth
[2024-01-06 07:29:05Z INFO RunnerServer] EstablishVssConnection
[2024-01-06 07:29:05Z INFO RunnerServer] Establish connection with 100 seconds timeout.
[2024-01-06 07:29:05Z INFO GitHubActionsService] Starting operation Location.GetConnectionData
[2024-01-06 07:29:05Z INFO RunnerServer] EstablishVssConnection
[2024-01-06 07:29:05Z INFO RunnerServer] Establish connection with 60 seconds timeout.
[2024-01-06 07:29:05Z INFO GitHubActionsService] Starting operation Location.GetConnectionData
[2024-01-06 07:29:05Z INFO RunnerServer] EstablishVssConnection
[2024-01-06 07:29:05Z INFO RunnerServer] Establish connection with 60 seconds timeout.
[2024-01-06 07:29:05Z INFO GitHubActionsService] Starting operation Location.GetConnectionData
[2024-01-06 07:29:06Z INFO GitHubActionsService] Finished operation Location.GetConnectionData
[2024-01-06 07:29:06Z INFO GitHubActionsService] Finished operation Location.GetConnectionData
[2024-01-06 07:29:06Z INFO GitHubActionsService] Finished operation Location.GetConnectionData
[2024-01-06 07:29:07Z INFO Terminal] WRITE LINE: 
[2024-01-06 07:29:07Z INFO ConfigurationManager] Test Connection complete.
[2024-01-06 07:29:07Z INFO HostContext] Well known directory 'Bin': 'D:\Data\Abhijit\Script\GitHubActions\first-action\actions-runner\bin'
[2024-01-06 07:29:07Z INFO HostContext] Well known directory 'Root': 'D:\Data\Abhijit\Script\GitHubActions\first-action\actions-runner'
[2024-01-06 07:29:07Z INFO HostContext] Well known config file 'RSACredentials': 'D:\Data\Abhijit\Script\GitHubActions\first-action\actions-runner\.credentials_rsaparams'
[2024-01-06 07:29:07Z INFO RSAEncryptedFileKeyManager] Creating new RSA key using 2048-bit key length
[2024-01-06 07:29:07Z INFO RSAEncryptedFileKeyManager] Successfully saved RSA key parameters to file D:\Data\Abhijit\Script\GitHubActions\first-action\actions-runner\.credentials_rsaparams
[2024-01-06 07:29:07Z INFO CommandSettings] Arg 'runnergroup': ''
[2024-01-06 07:29:07Z INFO CommandSettings] Flag 'unattended': 'False'
[2024-01-06 07:29:07Z INFO PromptManager] ReadValue
[2024-01-06 07:29:07Z INFO Terminal] WRITE: Enter the name of the runner group to add this runner to: 
[2024-01-06 07:29:07Z INFO Terminal] WRITE: [press Enter for Default] 
[2024-01-06 07:29:07Z INFO Terminal] READ LINE
[2024-01-06 07:29:10Z INFO Terminal] Read value: ''
[2024-01-06 07:29:10Z INFO PromptManager] Falling back to the default: 'Default'
[2024-01-06 07:29:10Z INFO Terminal] WRITE LINE: 
[2024-01-06 07:29:10Z INFO ConfigurationManager] Found a self-hosted runner group with id 1 and name Default
[2024-01-06 07:29:10Z INFO CommandSettings] Flag 'disableupdate': 'False'
[2024-01-06 07:29:10Z INFO CommandSettings] Flag 'ephemeral': 'False'
[2024-01-06 07:29:10Z INFO CommandSettings] Arg 'name': ''
[2024-01-06 07:29:10Z INFO CommandSettings] Flag 'unattended': 'False'
[2024-01-06 07:29:10Z INFO PromptManager] ReadValue
[2024-01-06 07:29:10Z INFO Terminal] WRITE: Enter the name of runner: 
[2024-01-06 07:29:10Z INFO Terminal] WRITE: [press Enter for LAPTOP-12HLFIBT] 
[2024-01-06 07:29:10Z INFO Terminal] READ LINE
[2024-01-06 07:29:14Z INFO Terminal] Read value: 'asb'
[2024-01-06 07:29:14Z INFO Terminal] WRITE LINE: 
[2024-01-06 07:29:14Z INFO CommandSettings] Arg 'labels': ''
[2024-01-06 07:29:14Z INFO CommandSettings] Flag 'unattended': 'False'
[2024-01-06 07:29:14Z INFO PromptManager] ReadValue
[2024-01-06 07:29:14Z INFO Terminal] WRITE: This runner will have the following labels: 'self-hosted', 'Windows', 'X64' 
Enter any additional labels (ex. label-1,label-2): 
[2024-01-06 07:29:14Z INFO Terminal] WRITE: [press Enter to skip] 
[2024-01-06 07:29:14Z INFO Terminal] READ LINE
[2024-01-06 07:29:19Z INFO Terminal] Read value: 'aabb'
[2024-01-06 07:29:19Z INFO Terminal] WRITE LINE: 
[2024-01-06 07:29:20Z INFO CommandSettings] Flag 'disableupdate': 'False'
[2024-01-06 07:29:20Z INFO CommandSettings] Flag 'no-default-labels': 'False'
[2024-01-06 07:29:20Z INFO CommandSettings] Flag 'disableupdate': 'False'
[2024-01-06 07:29:20Z INFO CommandSettings] Flag 'ephemeral': 'False'
[2024-01-06 07:29:20Z INFO ConfigurationStore] Saving OAuth credential @ D:\Data\Abhijit\Script\GitHubActions\first-action\actions-runner\.credentials
[2024-01-06 07:29:20Z INFO ConfigurationStore] Credentials Saved.
[2024-01-06 07:29:20Z INFO ConfigurationStore] HasCredentials()
[2024-01-06 07:29:20Z INFO ConfigurationStore] stored True
[2024-01-06 07:29:20Z INFO CredentialManager] GetCredentialProvider
[2024-01-06 07:29:20Z INFO CredentialManager] Creating type OAuth
[2024-01-06 07:29:20Z INFO CredentialManager] Creating credential type: OAuth
[2024-01-06 07:29:20Z INFO RSAEncryptedFileKeyManager] Loading RSA key parameters from file D:\Data\Abhijit\Script\GitHubActions\first-action\actions-runner\.credentials_rsaparams
[2024-01-06 07:29:20Z INFO RunnerServer] EstablishVssConnection
[2024-01-06 07:29:20Z INFO RunnerServer] Establish connection with 100 seconds timeout.
[2024-01-06 07:29:20Z INFO GitHubActionsService] Starting operation Location.GetConnectionData
[2024-01-06 07:29:20Z INFO RunnerServer] EstablishVssConnection
[2024-01-06 07:29:20Z INFO RunnerServer] Establish connection with 60 seconds timeout.
[2024-01-06 07:29:20Z INFO GitHubActionsService] Starting operation Location.GetConnectionData
[2024-01-06 07:29:20Z INFO RunnerServer] EstablishVssConnection
[2024-01-06 07:29:20Z INFO RunnerServer] Establish connection with 60 seconds timeout.
[2024-01-06 07:29:20Z INFO GitHubActionsService] Starting operation Location.GetConnectionData
[2024-01-06 07:29:21Z INFO GitHubActionsService] Finished operation Location.GetConnectionData
[2024-01-06 07:29:21Z INFO GitHubActionsService] Finished operation Location.GetConnectionData
[2024-01-06 07:29:21Z INFO GitHubActionsService] Finished operation Location.GetConnectionData
[2024-01-06 07:29:21Z INFO RSAEncryptedFileKeyManager] Loading RSA key parameters from file D:\Data\Abhijit\Script\GitHubActions\first-action\actions-runner\.credentials_rsaparams
[2024-01-06 07:29:21Z INFO RSAEncryptedFileKeyManager] Loading RSA key parameters from file D:\Data\Abhijit\Script\GitHubActions\first-action\actions-runner\.credentials_rsaparams
[2024-01-06 07:29:22Z INFO GitHubActionsService] AAD Correlation ID for this token request: Unknown
[2024-01-06 07:29:22Z INFO CommandSettings] Arg 'work': ''
[2024-01-06 07:29:22Z INFO CommandSettings] Flag 'unattended': 'False'
[2024-01-06 07:29:22Z INFO PromptManager] ReadValue
[2024-01-06 07:29:22Z INFO Terminal] WRITE: Enter name of work folder: 
[2024-01-06 07:29:22Z INFO Terminal] WRITE: [press Enter for _work] 
[2024-01-06 07:29:22Z INFO Terminal] READ LINE
[2024-01-06 07:29:27Z INFO Terminal] Read value: 'work'
[2024-01-06 07:29:27Z INFO ConfigurationStore] Saving runner settings.
[2024-01-06 07:29:27Z INFO ConfigurationStore] Settings Saved.
[2024-01-06 07:29:27Z INFO Terminal] WRITE LINE: 
[2024-01-06 07:29:27Z INFO Terminal] WRITE LINE: 
[2024-01-06 07:29:27Z INFO CommandSettings] Flag 'runasservice': 'False'
[2024-01-06 07:29:27Z INFO CommandSettings] Flag 'unattended': 'False'
[2024-01-06 07:29:27Z INFO PromptManager] ReadValue
[2024-01-06 07:29:27Z INFO Terminal] WRITE: Would you like to run the runner as service? (Y/N) 
[2024-01-06 07:29:27Z INFO Terminal] WRITE: [press Enter for N] 
[2024-01-06 07:29:27Z INFO Terminal] READ LINE
[2024-01-06 07:29:29Z INFO Terminal] Read value: 'Y'
[2024-01-06 07:29:29Z INFO ConfigurationManager] Configuring to run the agent as service
[2024-01-06 07:29:29Z INFO CommandSettings] Arg 'windowslogonaccount': ''
[2024-01-06 07:29:29Z INFO CommandSettings] Flag 'unattended': 'False'
[2024-01-06 07:29:29Z INFO PromptManager] ReadValue
[2024-01-06 07:29:29Z INFO Terminal] WRITE: User account to use for the service 
[2024-01-06 07:29:29Z INFO Terminal] WRITE: [press Enter for NT AUTHORITY\NETWORK SERVICE] 
[2024-01-06 07:29:29Z INFO Terminal] READ LINE
[2024-01-06 07:29:36Z INFO Terminal] Read value: ''
[2024-01-06 07:29:36Z INFO PromptManager] Falling back to the default: 'NT AUTHORITY\NETWORK SERVICE'
[2024-01-06 07:29:36Z INFO WindowsServiceControlManager] LogonAccount after transforming: NT AUTHORITY\NETWORK SERVICE, user: NETWORK SERVICE, domain: NT AUTHORITY
[2024-01-06 07:29:36Z INFO WindowsServiceControlManager] Service name 'actions.runner.Abhijit1983-first-action.asb' display name 'GitHub Actions Runner (Abhijit1983-first-action.asb)' will be used for service configuration.
[2024-01-06 07:29:36Z INFO WindowsServiceControlManager] Verifying if the account has LogonAsService permission
[2024-01-06 07:29:36Z INFO NativeWindowsServiceHelper] Successfully grant logon as service privilege to account 'NETWORK SERVICE'
[2024-01-06 07:29:36Z INFO WindowsServiceControlManager] Create local group and grant folder permission to service logon account.
[2024-01-06 07:29:36Z INFO HostContext] Well known directory 'Bin': 'D:\Data\Abhijit\Script\GitHubActions\first-action\actions-runner\bin'
[2024-01-06 07:29:36Z INFO HostContext] Well known directory 'Root': 'D:\Data\Abhijit\Script\GitHubActions\first-action\actions-runner'
[2024-01-06 07:29:36Z INFO ConfigurationStore] Read setting file: 301 chars
[2024-01-06 07:29:36Z INFO HostContext] Well known directory 'Bin': 'D:\Data\Abhijit\Script\GitHubActions\first-action\actions-runner\bin'
[2024-01-06 07:29:36Z INFO HostContext] Well known directory 'Root': 'D:\Data\Abhijit\Script\GitHubActions\first-action\actions-runner'
[2024-01-06 07:29:36Z INFO HostContext] Well known directory 'Work': 'D:\Data\Abhijit\Script\GitHubActions\first-action\actions-runner\work'
[2024-01-06 07:29:36Z INFO HostContext] Well known directory 'Bin': 'D:\Data\Abhijit\Script\GitHubActions\first-action\actions-runner\bin'
[2024-01-06 07:29:36Z INFO NativeWindowsServiceHelper] Calculated unique group name GITHUB_ActionsRunner_G9ecf3
[2024-01-06 07:29:36Z INFO NativeWindowsServiceHelper] Trying to create group GITHUB_ActionsRunner_G9ecf3
[2024-01-06 07:29:36Z INFO NativeWindowsServiceHelper] Local Group 'GITHUB_ActionsRunner_G9ecf3' created
[2024-01-06 07:29:36Z INFO NativeWindowsServiceHelper] Trying to add userName NT AUTHORITY\NETWORK SERVICE to the group GITHUB_ActionsRunner_G9ecf3
[2024-01-06 07:29:36Z INFO NativeWindowsServiceHelper] Account 'NT AUTHORITY\NETWORK SERVICE' is added to local group 'GITHUB_ActionsRunner_G9ecf3'.
[2024-01-06 07:29:36Z INFO NativeWindowsServiceHelper] Set full access control to group for the folder D:\Data\Abhijit\Script\GitHubActions\first-action\actions-runner
[2024-01-06 07:29:36Z INFO NativeWindowsServiceHelper] Set full access control to group for the folder D:\Data\Abhijit\Script\GitHubActions\first-action\actions-runner\work
[2024-01-06 07:29:36Z INFO NativeWindowsServiceHelper] Local group 'GITHUB_ActionsRunner_G9ecf3' already has full control to path 'D:\Data\Abhijit\Script\GitHubActions\first-action\actions-runner\work'.
[2024-01-06 07:29:36Z INFO Terminal] WRITE LINE: Granting file permissions to 'NT AUTHORITY\NETWORK SERVICE'.
[2024-01-06 07:29:36Z INFO HostContext] Well known directory 'Bin': 'D:\Data\Abhijit\Script\GitHubActions\first-action\actions-runner\bin'
[2024-01-06 07:29:36Z INFO ProcessInvokerWrapper] Starting process:
[2024-01-06 07:29:36Z INFO ProcessInvokerWrapper]   File name: '"D:\Data\Abhijit\Script\GitHubActions\first-action\actions-runner\bin\RunnerService.exe"'
[2024-01-06 07:29:36Z INFO ProcessInvokerWrapper]   Arguments: 'init'
[2024-01-06 07:29:36Z INFO ProcessInvokerWrapper]   Working directory: ''
[2024-01-06 07:29:36Z INFO ProcessInvokerWrapper]   Require exit code zero: 'True'
[2024-01-06 07:29:36Z INFO ProcessInvokerWrapper]   Encoding web name:  ; code page: ''
[2024-01-06 07:29:36Z INFO ProcessInvokerWrapper]   Force kill process on cancellation: 'False'
[2024-01-06 07:29:36Z INFO ProcessInvokerWrapper]   Redirected STDIN: 'False'
[2024-01-06 07:29:36Z INFO ProcessInvokerWrapper]   Persist current code page: 'False'
[2024-01-06 07:29:36Z INFO ProcessInvokerWrapper]   Keep redirected STDIN open: 'False'
[2024-01-06 07:29:36Z INFO ProcessInvokerWrapper]   High priority process: 'False'
[2024-01-06 07:29:36Z INFO ProcessInvokerWrapper] Process started with process id 6424, waiting for process exit.
[2024-01-06 07:29:37Z INFO ProcessInvokerWrapper] STDOUT/STDERR stream read finished.
[2024-01-06 07:29:37Z INFO ProcessInvokerWrapper] STDOUT/STDERR stream read finished.
[2024-01-06 07:29:37Z INFO ProcessInvokerWrapper] Finished process 6424 with exit code 0, and elapsed time 00:00:00.1412965.
[2024-01-06 07:29:37Z INFO Terminal] WRITE LINE: Service actions.runner.Abhijit1983-first-action.asb successfully installed
[2024-01-06 07:29:37Z INFO Terminal] WRITE LINE: Service actions.runner.Abhijit1983-first-action.asb successfully set recovery option
[2024-01-06 07:29:37Z INFO Terminal] WRITE LINE: Service actions.runner.Abhijit1983-first-action.asb successfully set to delayed auto start
[2024-01-06 07:29:37Z INFO Terminal] WRITE LINE: Service actions.runner.Abhijit1983-first-action.asb successfully configured
[2024-01-06 07:29:37Z INFO HostContext] Well known directory 'Bin': 'D:\Data\Abhijit\Script\GitHubActions\first-action\actions-runner\bin'
[2024-01-06 07:29:37Z INFO HostContext] Well known directory 'Root': 'D:\Data\Abhijit\Script\GitHubActions\first-action\actions-runner'
[2024-01-06 07:29:37Z INFO HostContext] Well known config file 'Service': 'D:\Data\Abhijit\Script\GitHubActions\first-action\actions-runner\.service'
[2024-01-06 07:29:37Z INFO WindowsServiceControlManager] Configuration was successful, trying to start the service
[2024-01-06 07:29:37Z INFO Terminal] WRITE LINE: Waiting for service to start...
[2024-01-06 07:29:37Z INFO Terminal] WRITE LINE: Service actions.runner.Abhijit1983-first-action.asb started successfully
[2024-01-06 07:29:37Z INFO Listener] Runner execution has finished with return code 0
