[2024-01-06 07:49:20Z INFO HostContext] No proxy settings were found based on environmental variables (http_proxy/https_proxy/HTTP_PROXY/HTTPS_PROXY)
[2024-01-06 07:49:20Z INFO HostContext] Well known directory 'Bin': 'D:\Data\Abhijit\Script\GitHubActions\first-action\actions-runner\bin'
[2024-01-06 07:49:20Z INFO HostContext] Well known directory 'Root': 'D:\Data\Abhijit\Script\GitHubActions\first-action\actions-runner'
[2024-01-06 07:49:20Z INFO HostContext] Well known config file 'Credentials': 'D:\Data\Abhijit\Script\GitHubActions\first-action\actions-runner\.credentials'
[2024-01-06 07:49:20Z INFO HostContext] Well known directory 'Bin': 'D:\Data\Abhijit\Script\GitHubActions\first-action\actions-runner\bin'
[2024-01-06 07:49:20Z INFO HostContext] Well known directory 'Root': 'D:\Data\Abhijit\Script\GitHubActions\first-action\actions-runner'
[2024-01-06 07:49:20Z INFO HostContext] Well known config file 'Runner': 'D:\Data\Abhijit\Script\GitHubActions\first-action\actions-runner\.runner'
[2024-01-06 07:49:20Z INFO Listener] Runner is built for Windows (X64) - win-x64.
[2024-01-06 07:49:20Z INFO Listener] RuntimeInformation: Microsoft Windows 10.0.22621.
[2024-01-06 07:49:20Z INFO Listener] Version: 2.311.0
[2024-01-06 07:49:20Z INFO Listener] Commit: f5cff308c83746dddd726a9a28a1583872305aaa
[2024-01-06 07:49:20Z INFO Listener] Culture: en-IN
[2024-01-06 07:49:20Z INFO Listener] UI Culture: en-US
[2024-01-06 07:49:20Z INFO HostContext] Well known directory 'Bin': 'D:\Data\Abhijit\Script\GitHubActions\first-action\actions-runner\bin'
[2024-01-06 07:49:20Z INFO HostContext] Well known directory 'Root': 'D:\Data\Abhijit\Script\GitHubActions\first-action\actions-runner'
[2024-01-06 07:49:20Z INFO Listener] Validating directory permissions for: 'D:\Data\Abhijit\Script\GitHubActions\first-action\actions-runner'
[2024-01-06 07:49:20Z INFO CommandLineParser] Parse
[2024-01-06 07:49:20Z INFO CommandLineParser] Parsing 1 args
[2024-01-06 07:49:20Z INFO CommandLineParser] parsing argument
[2024-01-06 07:49:20Z INFO CommandLineParser] HasArgs: False
[2024-01-06 07:49:20Z INFO CommandLineParser] Adding Command: run
[2024-01-06 07:49:20Z INFO Listener] Arguments parsed
[2024-01-06 07:49:20Z INFO Runner] ExecuteCommand
[2024-01-06 07:49:20Z INFO ConfigurationStore] currentAssemblyLocation: D:\Data\Abhijit\Script\GitHubActions\first-action\actions-runner\bin\Runner.Listener.dll
[2024-01-06 07:49:20Z INFO HostContext] Well known directory 'Bin': 'D:\Data\Abhijit\Script\GitHubActions\first-action\actions-runner\bin'
[2024-01-06 07:49:20Z INFO ConfigurationStore] binPath: D:\Data\Abhijit\Script\GitHubActions\first-action\actions-runner\bin
[2024-01-06 07:49:20Z INFO HostContext] Well known directory 'Bin': 'D:\Data\Abhijit\Script\GitHubActions\first-action\actions-runner\bin'
[2024-01-06 07:49:20Z INFO HostContext] Well known directory 'Root': 'D:\Data\Abhijit\Script\GitHubActions\first-action\actions-runner'
[2024-01-06 07:49:20Z INFO ConfigurationStore] RootFolder: D:\Data\Abhijit\Script\GitHubActions\first-action\actions-runner
[2024-01-06 07:49:20Z INFO HostContext] Well known directory 'Bin': 'D:\Data\Abhijit\Script\GitHubActions\first-action\actions-runner\bin'
[2024-01-06 07:49:20Z INFO HostContext] Well known directory 'Root': 'D:\Data\Abhijit\Script\GitHubActions\first-action\actions-runner'
[2024-01-06 07:49:20Z INFO HostContext] Well known config file 'Runner': 'D:\Data\Abhijit\Script\GitHubActions\first-action\actions-runner\.runner'
[2024-01-06 07:49:20Z INFO ConfigurationStore] ConfigFilePath: D:\Data\Abhijit\Script\GitHubActions\first-action\actions-runner\.runner
[2024-01-06 07:49:20Z INFO HostContext] Well known directory 'Bin': 'D:\Data\Abhijit\Script\GitHubActions\first-action\actions-runner\bin'
[2024-01-06 07:49:20Z INFO HostContext] Well known directory 'Root': 'D:\Data\Abhijit\Script\GitHubActions\first-action\actions-runner'
[2024-01-06 07:49:20Z INFO HostContext] Well known config file 'Credentials': 'D:\Data\Abhijit\Script\GitHubActions\first-action\actions-runner\.credentials'
[2024-01-06 07:49:20Z INFO ConfigurationStore] CredFilePath: D:\Data\Abhijit\Script\GitHubActions\first-action\actions-runner\.credentials
[2024-01-06 07:49:20Z INFO HostContext] Well known directory 'Bin': 'D:\Data\Abhijit\Script\GitHubActions\first-action\actions-runner\bin'
[2024-01-06 07:49:20Z INFO HostContext] Well known directory 'Root': 'D:\Data\Abhijit\Script\GitHubActions\first-action\actions-runner'
[2024-01-06 07:49:20Z INFO HostContext] Well known config file 'MigratedCredentials': 'D:\Data\Abhijit\Script\GitHubActions\first-action\actions-runner\.credentials_migrated'
[2024-01-06 07:49:20Z INFO ConfigurationStore] MigratedCredFilePath: D:\Data\Abhijit\Script\GitHubActions\first-action\actions-runner\.credentials_migrated
[2024-01-06 07:49:20Z INFO HostContext] Well known directory 'Bin': 'D:\Data\Abhijit\Script\GitHubActions\first-action\actions-runner\bin'
[2024-01-06 07:49:20Z INFO HostContext] Well known directory 'Root': 'D:\Data\Abhijit\Script\GitHubActions\first-action\actions-runner'
[2024-01-06 07:49:20Z INFO HostContext] Well known config file 'Service': 'D:\Data\Abhijit\Script\GitHubActions\first-action\actions-runner\.service'
[2024-01-06 07:49:20Z INFO ConfigurationStore] ServiceConfigFilePath: D:\Data\Abhijit\Script\GitHubActions\first-action\actions-runner\.service
[2024-01-06 07:49:20Z INFO CommandSettings] Flag 'help': 'False'
[2024-01-06 07:49:20Z INFO CommandSettings] Flag 'version': 'False'
[2024-01-06 07:49:20Z INFO CommandSettings] Flag 'commit': 'False'
[2024-01-06 07:49:20Z INFO CommandSettings] Flag 'check': 'False'
[2024-01-06 07:49:20Z INFO CommandSettings] Command 'configure': 'False'
[2024-01-06 07:49:20Z INFO CommandSettings] Command 'remove': 'False'
[2024-01-06 07:49:20Z INFO CommandSettings] Command 'warmup': 'False'
[2024-01-06 07:49:20Z INFO ConfigurationManager] LoadSettings
[2024-01-06 07:49:20Z INFO ConfigurationStore] IsConfigured()
[2024-01-06 07:49:20Z INFO ConfigurationStore] IsConfigured: True
[2024-01-06 07:49:20Z INFO ConfigurationManager] Is configured: True
[2024-01-06 07:49:20Z INFO ConfigurationStore] Read setting file: 301 chars
[2024-01-06 07:49:20Z INFO ConfigurationManager] Settings Loaded
[2024-01-06 07:49:20Z INFO ConfigurationStore] IsServiceConfigured()
[2024-01-06 07:49:20Z INFO ConfigurationStore] IsServiceConfigured: True
[2024-01-06 07:49:20Z INFO CommandSettings] Command 'run': 'True'
[2024-01-06 07:49:20Z INFO ConfigurationStore] IsConfigured()
[2024-01-06 07:49:20Z INFO ConfigurationStore] IsConfigured: True
[2024-01-06 07:49:20Z INFO ConfigurationManager] Is configured: True
[2024-01-06 07:49:20Z INFO Runner] Try determine runner startup type base on console redirects.
[2024-01-06 07:49:20Z INFO Runner] Set runner startup type - Manual
[2024-01-06 07:49:20Z INFO CommandSettings] Flag 'once': 'False'
[2024-01-06 07:49:20Z INFO CommandSettings] Flag 'once': 'False'
[2024-01-06 07:49:20Z INFO Runner] RunAsync
[2024-01-06 07:49:20Z INFO ConfigurationManager] LoadSettings
[2024-01-06 07:49:20Z INFO ConfigurationStore] IsConfigured()
[2024-01-06 07:49:20Z INFO ConfigurationStore] IsConfigured: True
[2024-01-06 07:49:20Z INFO ConfigurationManager] Is configured: True
[2024-01-06 07:49:20Z INFO ConfigurationManager] Settings Loaded
[2024-01-06 07:49:20Z INFO MessageListener] {
  "AgentId": 23,
  "AgentName": "asb",
  "PoolId": 1,
  "PoolName": "Default",
  "ServerUrl": "https://pipelinesghubeus5.actions.githubusercontent.com/g5w8GUK1E1fJ0Xhj6aL2f7IXdsmYeN1HI3eTNqtn4IVrjZaBdn/",
  "GitHubUrl": "https://github.com/Abhijit1983/first-action",
  "WorkFolder": "work"
}
[2024-01-06 07:49:20Z INFO MessageListener] Loading Credentials
[2024-01-06 07:49:20Z INFO ConfigurationStore] HasCredentials()
[2024-01-06 07:49:20Z INFO ConfigurationStore] stored True
[2024-01-06 07:49:20Z INFO CredentialManager] GetCredentialProvider
[2024-01-06 07:49:20Z INFO CredentialManager] Creating type OAuth
[2024-01-06 07:49:20Z INFO CredentialManager] Creating credential type: OAuth
[2024-01-06 07:49:20Z INFO HostContext] Well known directory 'Bin': 'D:\Data\Abhijit\Script\GitHubActions\first-action\actions-runner\bin'
[2024-01-06 07:49:20Z INFO HostContext] Well known directory 'Root': 'D:\Data\Abhijit\Script\GitHubActions\first-action\actions-runner'
[2024-01-06 07:49:20Z INFO HostContext] Well known config file 'RSACredentials': 'D:\Data\Abhijit\Script\GitHubActions\first-action\actions-runner\.credentials_rsaparams'
[2024-01-06 07:49:20Z INFO RSAEncryptedFileKeyManager] Loading RSA key parameters from file D:\Data\Abhijit\Script\GitHubActions\first-action\actions-runner\.credentials_rsaparams
[2024-01-06 07:49:20Z INFO MessageListener] Attempt to create session.
[2024-01-06 07:49:20Z INFO MessageListener] Connecting to the Runner Server...
[2024-01-06 07:49:20Z INFO RunnerServer] EstablishVssConnection
[2024-01-06 07:49:20Z INFO RunnerServer] Establish connection with 100 seconds timeout.
[2024-01-06 07:49:20Z INFO GitHubActionsService] Starting operation Location.GetConnectionData
[2024-01-06 07:49:21Z INFO RunnerServer] EstablishVssConnection
[2024-01-06 07:49:21Z INFO RunnerServer] Establish connection with 60 seconds timeout.
[2024-01-06 07:49:21Z INFO GitHubActionsService] Starting operation Location.GetConnectionData
[2024-01-06 07:49:21Z INFO RunnerServer] EstablishVssConnection
[2024-01-06 07:49:21Z INFO RunnerServer] Establish connection with 60 seconds timeout.
[2024-01-06 07:49:21Z INFO GitHubActionsService] Starting operation Location.GetConnectionData
[2024-01-06 07:49:22Z INFO GitHubActionsService] Finished operation Location.GetConnectionData
[2024-01-06 07:49:22Z INFO GitHubActionsService] Finished operation Location.GetConnectionData
[2024-01-06 07:49:22Z INFO GitHubActionsService] Finished operation Location.GetConnectionData
[2024-01-06 07:49:22Z INFO MessageListener] VssConnection created
[2024-01-06 07:49:22Z INFO Terminal] WRITE LINE: 
[2024-01-06 07:49:22Z INFO Terminal] WRITE LINE: 
[2024-01-06 07:49:22Z INFO RSAEncryptedFileKeyManager] Loading RSA key parameters from file D:\Data\Abhijit\Script\GitHubActions\first-action\actions-runner\.credentials_rsaparams
[2024-01-06 07:49:22Z INFO RSAEncryptedFileKeyManager] Loading RSA key parameters from file D:\Data\Abhijit\Script\GitHubActions\first-action\actions-runner\.credentials_rsaparams
[2024-01-06 07:49:22Z INFO GitHubActionsService] AAD Correlation ID for this token request: Unknown
[2024-01-06 07:49:23Z ERR  GitHubActionsService] POST request to https://pipelinesghubeus5.actions.githubusercontent.com/g5w8GUK1E1fJ0Xhj6aL2f7IXdsmYeN1HI3eTNqtn4IVrjZaBdn/_apis/distributedtask/pools/1/sessions failed. HTTP Status: Conflict
[2024-01-06 07:49:23Z ERR  MessageListener] Catch exception during create session.
[2024-01-06 07:49:23Z ERR  MessageListener] GitHub.DistributedTask.WebApi.TaskAgentSessionConflictException: The actions runner asb already has an active session for owner LAPTOP-12HLFIBT.
   at GitHub.Services.WebApi.VssHttpClientBase.HandleResponseAsync(HttpResponseMessage response, CancellationToken cancellationToken)
   at GitHub.Services.WebApi.VssHttpClientBase.SendAsync(HttpRequestMessage message, HttpCompletionOption completionOption, Object userState, CancellationToken cancellationToken)
   at GitHub.Services.WebApi.VssHttpClientBase.SendAsync[T](HttpRequestMessage message, Object userState, CancellationToken cancellationToken)
   at GitHub.Services.WebApi.VssHttpClientBase.SendAsync[T](HttpMethod method, IEnumerable`1 additionalHeaders, Guid locationId, Object routeValues, ApiResourceVersion version, HttpContent content, IEnumerable`1 queryParameters, Object userState, CancellationToken cancellationToken)
   at GitHub.Runner.Listener.MessageListener.CreateSessionAsync(CancellationToken token)
[2024-01-06 07:49:23Z INFO MessageListener] The session for this runner already exists.
[2024-01-06 07:49:23Z ERR  Terminal] WRITE ERROR: A session for this runner already exists.
[2024-01-06 07:49:23Z INFO MessageListener] The session conflict exception haven't reached retry limit.
[2024-01-06 07:49:23Z ERR  Terminal] WRITE ERROR: 2024-01-06 07:49:23Z: Runner connect error: The actions runner asb already has an active session for owner LAPTOP-12HLFIBT.. Retrying until reconnected.
[2024-01-06 07:49:23Z INFO MessageListener] Sleeping for 30 seconds before retrying.
[2024-01-06 07:49:53Z INFO MessageListener] Attempt to create session.
[2024-01-06 07:49:53Z INFO MessageListener] Connecting to the Runner Server...
[2024-01-06 07:49:53Z INFO RunnerServer] EstablishVssConnection
[2024-01-06 07:49:53Z INFO RunnerServer] Establish connection with 100 seconds timeout.
[2024-01-06 07:49:53Z INFO GitHubActionsService] Starting operation Location.GetConnectionData
[2024-01-06 07:49:53Z INFO RunnerServer] EstablishVssConnection
[2024-01-06 07:49:53Z INFO RunnerServer] Establish connection with 60 seconds timeout.
[2024-01-06 07:49:53Z INFO GitHubActionsService] Starting operation Location.GetConnectionData
[2024-01-06 07:49:53Z INFO RunnerServer] EstablishVssConnection
[2024-01-06 07:49:53Z INFO RunnerServer] Establish connection with 60 seconds timeout.
[2024-01-06 07:49:53Z INFO GitHubActionsService] Starting operation Location.GetConnectionData
[2024-01-06 07:49:53Z INFO GitHubActionsService] Finished operation Location.GetConnectionData
[2024-01-06 07:49:54Z INFO GitHubActionsService] Finished operation Location.GetConnectionData
[2024-01-06 07:49:54Z INFO GitHubActionsService] Finished operation Location.GetConnectionData
[2024-01-06 07:49:54Z INFO MessageListener] VssConnection created
[2024-01-06 07:49:54Z INFO Terminal] WRITE LINE: 
[2024-01-06 07:49:54Z INFO Terminal] WRITE LINE: 
[2024-01-06 07:49:54Z ERR  GitHubActionsService] POST request to https://pipelinesghubeus5.actions.githubusercontent.com/g5w8GUK1E1fJ0Xhj6aL2f7IXdsmYeN1HI3eTNqtn4IVrjZaBdn/_apis/distributedtask/pools/1/sessions failed. HTTP Status: Conflict
[2024-01-06 07:49:54Z ERR  MessageListener] Catch exception during create session.
[2024-01-06 07:49:54Z ERR  MessageListener] GitHub.DistributedTask.WebApi.TaskAgentSessionConflictException: The actions runner asb already has an active session for owner LAPTOP-12HLFIBT.
   at GitHub.Services.WebApi.VssHttpClientBase.HandleResponseAsync(HttpResponseMessage response, CancellationToken cancellationToken)
   at GitHub.Services.WebApi.VssHttpClientBase.SendAsync(HttpRequestMessage message, HttpCompletionOption completionOption, Object userState, CancellationToken cancellationToken)
   at GitHub.Services.WebApi.VssHttpClientBase.SendAsync[T](HttpRequestMessage message, Object userState, CancellationToken cancellationToken)
   at GitHub.Services.WebApi.VssHttpClientBase.SendAsync[T](HttpMethod method, IEnumerable`1 additionalHeaders, Guid locationId, Object routeValues, ApiResourceVersion version, HttpContent content, IEnumerable`1 queryParameters, Object userState, CancellationToken cancellationToken)
   at GitHub.Runner.Listener.MessageListener.CreateSessionAsync(CancellationToken token)
[2024-01-06 07:49:54Z INFO MessageListener] The session for this runner already exists.
[2024-01-06 07:49:54Z ERR  Terminal] WRITE ERROR: A session for this runner already exists.
[2024-01-06 07:49:54Z INFO MessageListener] The session conflict exception haven't reached retry limit.
[2024-01-06 07:49:54Z INFO MessageListener] Sleeping for 30 seconds before retrying.
[2024-01-06 07:50:24Z INFO MessageListener] Attempt to create session.
[2024-01-06 07:50:24Z INFO MessageListener] Connecting to the Runner Server...
[2024-01-06 07:50:24Z INFO RunnerServer] EstablishVssConnection
[2024-01-06 07:50:24Z INFO RunnerServer] Establish connection with 100 seconds timeout.
[2024-01-06 07:50:24Z INFO GitHubActionsService] Starting operation Location.GetConnectionData
[2024-01-06 07:50:24Z INFO RunnerServer] EstablishVssConnection
[2024-01-06 07:50:24Z INFO RunnerServer] Establish connection with 60 seconds timeout.
[2024-01-06 07:50:24Z INFO GitHubActionsService] Starting operation Location.GetConnectionData
[2024-01-06 07:50:24Z INFO RunnerServer] EstablishVssConnection
[2024-01-06 07:50:24Z INFO RunnerServer] Establish connection with 60 seconds timeout.
[2024-01-06 07:50:24Z INFO GitHubActionsService] Starting operation Location.GetConnectionData
[2024-01-06 07:50:24Z INFO GitHubActionsService] Finished operation Location.GetConnectionData
[2024-01-06 07:50:25Z INFO GitHubActionsService] Finished operation Location.GetConnectionData
[2024-01-06 07:50:25Z INFO GitHubActionsService] Finished operation Location.GetConnectionData
[2024-01-06 07:50:25Z INFO MessageListener] VssConnection created
[2024-01-06 07:50:25Z INFO Terminal] WRITE LINE: 
[2024-01-06 07:50:25Z INFO Terminal] WRITE LINE: 
[2024-01-06 07:50:25Z ERR  GitHubActionsService] POST request to https://pipelinesghubeus5.actions.githubusercontent.com/g5w8GUK1E1fJ0Xhj6aL2f7IXdsmYeN1HI3eTNqtn4IVrjZaBdn/_apis/distributedtask/pools/1/sessions failed. HTTP Status: Conflict
[2024-01-06 07:50:25Z ERR  MessageListener] Catch exception during create session.
[2024-01-06 07:50:25Z ERR  MessageListener] GitHub.DistributedTask.WebApi.TaskAgentSessionConflictException: The actions runner asb already has an active session for owner LAPTOP-12HLFIBT.
   at GitHub.Services.WebApi.VssHttpClientBase.HandleResponseAsync(HttpResponseMessage response, CancellationToken cancellationToken)
   at GitHub.Services.WebApi.VssHttpClientBase.SendAsync(HttpRequestMessage message, HttpCompletionOption completionOption, Object userState, CancellationToken cancellationToken)
   at GitHub.Services.WebApi.VssHttpClientBase.SendAsync[T](HttpRequestMessage message, Object userState, CancellationToken cancellationToken)
   at GitHub.Services.WebApi.VssHttpClientBase.SendAsync[T](HttpMethod method, IEnumerable`1 additionalHeaders, Guid locationId, Object routeValues, ApiResourceVersion version, HttpContent content, IEnumerable`1 queryParameters, Object userState, CancellationToken cancellationToken)
   at GitHub.Runner.Listener.MessageListener.CreateSessionAsync(CancellationToken token)
[2024-01-06 07:50:25Z INFO MessageListener] The session for this runner already exists.
[2024-01-06 07:50:25Z ERR  Terminal] WRITE ERROR: A session for this runner already exists.
[2024-01-06 07:50:25Z INFO MessageListener] The session conflict exception haven't reached retry limit.
[2024-01-06 07:50:25Z INFO MessageListener] Sleeping for 30 seconds before retrying.
[2024-01-06 07:50:55Z INFO MessageListener] Attempt to create session.
[2024-01-06 07:50:55Z INFO MessageListener] Connecting to the Runner Server...
[2024-01-06 07:50:55Z INFO RunnerServer] EstablishVssConnection
[2024-01-06 07:50:55Z INFO RunnerServer] Establish connection with 100 seconds timeout.
[2024-01-06 07:50:55Z INFO GitHubActionsService] Starting operation Location.GetConnectionData
[2024-01-06 07:50:55Z INFO RunnerServer] EstablishVssConnection
[2024-01-06 07:50:55Z INFO RunnerServer] Establish connection with 60 seconds timeout.
[2024-01-06 07:50:55Z INFO GitHubActionsService] Starting operation Location.GetConnectionData
[2024-01-06 07:50:55Z INFO RunnerServer] EstablishVssConnection
[2024-01-06 07:50:55Z INFO RunnerServer] Establish connection with 60 seconds timeout.
[2024-01-06 07:50:55Z INFO GitHubActionsService] Starting operation Location.GetConnectionData
[2024-01-06 07:50:56Z INFO GitHubActionsService] Finished operation Location.GetConnectionData
[2024-01-06 07:50:56Z INFO GitHubActionsService] Finished operation Location.GetConnectionData
[2024-01-06 07:50:56Z INFO GitHubActionsService] Finished operation Location.GetConnectionData
[2024-01-06 07:50:56Z INFO MessageListener] VssConnection created
[2024-01-06 07:50:56Z INFO Terminal] WRITE LINE: 
[2024-01-06 07:50:56Z INFO Terminal] WRITE LINE: 
[2024-01-06 07:50:56Z ERR  GitHubActionsService] POST request to https://pipelinesghubeus5.actions.githubusercontent.com/g5w8GUK1E1fJ0Xhj6aL2f7IXdsmYeN1HI3eTNqtn4IVrjZaBdn/_apis/distributedtask/pools/1/sessions failed. HTTP Status: Conflict
[2024-01-06 07:50:56Z ERR  MessageListener] Catch exception during create session.
[2024-01-06 07:50:56Z ERR  MessageListener] GitHub.DistributedTask.WebApi.TaskAgentSessionConflictException: The actions runner asb already has an active session for owner LAPTOP-12HLFIBT.
   at GitHub.Services.WebApi.VssHttpClientBase.HandleResponseAsync(HttpResponseMessage response, CancellationToken cancellationToken)
   at GitHub.Services.WebApi.VssHttpClientBase.SendAsync(HttpRequestMessage message, HttpCompletionOption completionOption, Object userState, CancellationToken cancellationToken)
   at GitHub.Services.WebApi.VssHttpClientBase.SendAsync[T](HttpRequestMessage message, Object userState, CancellationToken cancellationToken)
   at GitHub.Services.WebApi.VssHttpClientBase.SendAsync[T](HttpMethod method, IEnumerable`1 additionalHeaders, Guid locationId, Object routeValues, ApiResourceVersion version, HttpContent content, IEnumerable`1 queryParameters, Object userState, CancellationToken cancellationToken)
   at GitHub.Runner.Listener.MessageListener.CreateSessionAsync(CancellationToken token)
[2024-01-06 07:50:56Z INFO MessageListener] The session for this runner already exists.
[2024-01-06 07:50:56Z ERR  Terminal] WRITE ERROR: A session for this runner already exists.
[2024-01-06 07:50:56Z INFO MessageListener] The session conflict exception haven't reached retry limit.
[2024-01-06 07:50:56Z INFO MessageListener] Sleeping for 30 seconds before retrying.
[2024-01-06 07:51:26Z INFO MessageListener] Attempt to create session.
[2024-01-06 07:51:26Z INFO MessageListener] Connecting to the Runner Server...
[2024-01-06 07:51:26Z INFO RunnerServer] EstablishVssConnection
[2024-01-06 07:51:26Z INFO RunnerServer] Establish connection with 100 seconds timeout.
[2024-01-06 07:51:26Z INFO GitHubActionsService] Starting operation Location.GetConnectionData
[2024-01-06 07:51:26Z INFO RunnerServer] EstablishVssConnection
[2024-01-06 07:51:26Z INFO RunnerServer] Establish connection with 60 seconds timeout.
[2024-01-06 07:51:26Z INFO GitHubActionsService] Starting operation Location.GetConnectionData
[2024-01-06 07:51:26Z INFO RunnerServer] EstablishVssConnection
[2024-01-06 07:51:26Z INFO RunnerServer] Establish connection with 60 seconds timeout.
[2024-01-06 07:51:26Z INFO GitHubActionsService] Starting operation Location.GetConnectionData
[2024-01-06 07:51:27Z INFO GitHubActionsService] Finished operation Location.GetConnectionData
[2024-01-06 07:51:27Z INFO GitHubActionsService] Finished operation Location.GetConnectionData
[2024-01-06 07:51:27Z INFO GitHubActionsService] Finished operation Location.GetConnectionData
[2024-01-06 07:51:27Z INFO MessageListener] VssConnection created
[2024-01-06 07:51:27Z INFO Terminal] WRITE LINE: 
[2024-01-06 07:51:27Z INFO Terminal] WRITE LINE: 
[2024-01-06 07:51:27Z ERR  GitHubActionsService] POST request to https://pipelinesghubeus5.actions.githubusercontent.com/g5w8GUK1E1fJ0Xhj6aL2f7IXdsmYeN1HI3eTNqtn4IVrjZaBdn/_apis/distributedtask/pools/1/sessions failed. HTTP Status: Conflict
[2024-01-06 07:51:27Z ERR  MessageListener] Catch exception during create session.
[2024-01-06 07:51:27Z ERR  MessageListener] GitHub.DistributedTask.WebApi.TaskAgentSessionConflictException: The actions runner asb already has an active session for owner LAPTOP-12HLFIBT.
   at GitHub.Services.WebApi.VssHttpClientBase.HandleResponseAsync(HttpResponseMessage response, CancellationToken cancellationToken)
   at GitHub.Services.WebApi.VssHttpClientBase.SendAsync(HttpRequestMessage message, HttpCompletionOption completionOption, Object userState, CancellationToken cancellationToken)
   at GitHub.Services.WebApi.VssHttpClientBase.SendAsync[T](HttpRequestMessage message, Object userState, CancellationToken cancellationToken)
   at GitHub.Services.WebApi.VssHttpClientBase.SendAsync[T](HttpMethod method, IEnumerable`1 additionalHeaders, Guid locationId, Object routeValues, ApiResourceVersion version, HttpContent content, IEnumerable`1 queryParameters, Object userState, CancellationToken cancellationToken)
   at GitHub.Runner.Listener.MessageListener.CreateSessionAsync(CancellationToken token)
[2024-01-06 07:51:27Z INFO MessageListener] The session for this runner already exists.
[2024-01-06 07:51:27Z ERR  Terminal] WRITE ERROR: A session for this runner already exists.
[2024-01-06 07:51:27Z INFO MessageListener] The session conflict exception haven't reached retry limit.
[2024-01-06 07:51:27Z INFO MessageListener] Sleeping for 30 seconds before retrying.
[2024-01-06 07:51:57Z INFO MessageListener] Attempt to create session.
[2024-01-06 07:51:57Z INFO MessageListener] Connecting to the Runner Server...
[2024-01-06 07:51:57Z INFO RunnerServer] EstablishVssConnection
[2024-01-06 07:51:57Z INFO RunnerServer] Establish connection with 100 seconds timeout.
[2024-01-06 07:51:57Z INFO GitHubActionsService] Starting operation Location.GetConnectionData
[2024-01-06 07:51:57Z INFO RunnerServer] EstablishVssConnection
[2024-01-06 07:51:57Z INFO RunnerServer] Establish connection with 60 seconds timeout.
[2024-01-06 07:51:57Z INFO GitHubActionsService] Starting operation Location.GetConnectionData
[2024-01-06 07:51:57Z INFO RunnerServer] EstablishVssConnection
[2024-01-06 07:51:57Z INFO RunnerServer] Establish connection with 60 seconds timeout.
[2024-01-06 07:51:57Z INFO GitHubActionsService] Starting operation Location.GetConnectionData
[2024-01-06 07:51:58Z INFO GitHubActionsService] Finished operation Location.GetConnectionData
[2024-01-06 07:51:58Z INFO GitHubActionsService] Finished operation Location.GetConnectionData
[2024-01-06 07:51:58Z INFO GitHubActionsService] Finished operation Location.GetConnectionData
[2024-01-06 07:51:58Z INFO MessageListener] VssConnection created
[2024-01-06 07:51:58Z INFO Terminal] WRITE LINE: 
[2024-01-06 07:51:58Z INFO Terminal] WRITE LINE: 
[2024-01-06 07:51:58Z ERR  GitHubActionsService] POST request to https://pipelinesghubeus5.actions.githubusercontent.com/g5w8GUK1E1fJ0Xhj6aL2f7IXdsmYeN1HI3eTNqtn4IVrjZaBdn/_apis/distributedtask/pools/1/sessions failed. HTTP Status: Conflict
[2024-01-06 07:51:58Z ERR  MessageListener] Catch exception during create session.
[2024-01-06 07:51:58Z ERR  MessageListener] GitHub.DistributedTask.WebApi.TaskAgentSessionConflictException: The actions runner asb already has an active session for owner LAPTOP-12HLFIBT.
   at GitHub.Services.WebApi.VssHttpClientBase.HandleResponseAsync(HttpResponseMessage response, CancellationToken cancellationToken)
   at GitHub.Services.WebApi.VssHttpClientBase.SendAsync(HttpRequestMessage message, HttpCompletionOption completionOption, Object userState, CancellationToken cancellationToken)
   at GitHub.Services.WebApi.VssHttpClientBase.SendAsync[T](HttpRequestMessage message, Object userState, CancellationToken cancellationToken)
   at GitHub.Services.WebApi.VssHttpClientBase.SendAsync[T](HttpMethod method, IEnumerable`1 additionalHeaders, Guid locationId, Object routeValues, ApiResourceVersion version, HttpContent content, IEnumerable`1 queryParameters, Object userState, CancellationToken cancellationToken)
   at GitHub.Runner.Listener.MessageListener.CreateSessionAsync(CancellationToken token)
[2024-01-06 07:51:58Z INFO MessageListener] The session for this runner already exists.
[2024-01-06 07:51:58Z ERR  Terminal] WRITE ERROR: A session for this runner already exists.
[2024-01-06 07:51:58Z INFO MessageListener] The session conflict exception haven't reached retry limit.
[2024-01-06 07:51:58Z INFO MessageListener] Sleeping for 30 seconds before retrying.
[2024-01-06 07:52:28Z INFO MessageListener] Attempt to create session.
[2024-01-06 07:52:28Z INFO MessageListener] Connecting to the Runner Server...
[2024-01-06 07:52:28Z INFO RunnerServer] EstablishVssConnection
[2024-01-06 07:52:28Z INFO RunnerServer] Establish connection with 100 seconds timeout.
[2024-01-06 07:52:28Z INFO GitHubActionsService] Starting operation Location.GetConnectionData
[2024-01-06 07:52:28Z INFO RunnerServer] EstablishVssConnection
[2024-01-06 07:52:28Z INFO RunnerServer] Establish connection with 60 seconds timeout.
[2024-01-06 07:52:28Z INFO GitHubActionsService] Starting operation Location.GetConnectionData
[2024-01-06 07:52:28Z INFO RunnerServer] EstablishVssConnection
[2024-01-06 07:52:28Z INFO RunnerServer] Establish connection with 60 seconds timeout.
[2024-01-06 07:52:28Z INFO GitHubActionsService] Starting operation Location.GetConnectionData
[2024-01-06 07:52:29Z INFO GitHubActionsService] Finished operation Location.GetConnectionData
[2024-01-06 07:52:29Z INFO GitHubActionsService] Finished operation Location.GetConnectionData
[2024-01-06 07:52:29Z INFO GitHubActionsService] Finished operation Location.GetConnectionData
[2024-01-06 07:52:29Z INFO MessageListener] VssConnection created
[2024-01-06 07:52:29Z INFO Terminal] WRITE LINE: 
[2024-01-06 07:52:29Z INFO Terminal] WRITE LINE: 
[2024-01-06 07:52:30Z ERR  GitHubActionsService] POST request to https://pipelinesghubeus5.actions.githubusercontent.com/g5w8GUK1E1fJ0Xhj6aL2f7IXdsmYeN1HI3eTNqtn4IVrjZaBdn/_apis/distributedtask/pools/1/sessions failed. HTTP Status: Conflict
[2024-01-06 07:52:30Z ERR  MessageListener] Catch exception during create session.
[2024-01-06 07:52:30Z ERR  MessageListener] GitHub.DistributedTask.WebApi.TaskAgentSessionConflictException: The actions runner asb already has an active session for owner LAPTOP-12HLFIBT.
   at GitHub.Services.WebApi.VssHttpClientBase.HandleResponseAsync(HttpResponseMessage response, CancellationToken cancellationToken)
   at GitHub.Services.WebApi.VssHttpClientBase.SendAsync(HttpRequestMessage message, HttpCompletionOption completionOption, Object userState, CancellationToken cancellationToken)
   at GitHub.Services.WebApi.VssHttpClientBase.SendAsync[T](HttpRequestMessage message, Object userState, CancellationToken cancellationToken)
   at GitHub.Services.WebApi.VssHttpClientBase.SendAsync[T](HttpMethod method, IEnumerable`1 additionalHeaders, Guid locationId, Object routeValues, ApiResourceVersion version, HttpContent content, IEnumerable`1 queryParameters, Object userState, CancellationToken cancellationToken)
   at GitHub.Runner.Listener.MessageListener.CreateSessionAsync(CancellationToken token)
[2024-01-06 07:52:30Z INFO MessageListener] The session for this runner already exists.
[2024-01-06 07:52:30Z ERR  Terminal] WRITE ERROR: A session for this runner already exists.
[2024-01-06 07:52:30Z INFO MessageListener] The session conflict exception haven't reached retry limit.
[2024-01-06 07:52:30Z INFO MessageListener] Sleeping for 30 seconds before retrying.
[2024-01-06 07:53:00Z INFO MessageListener] Attempt to create session.
[2024-01-06 07:53:00Z INFO MessageListener] Connecting to the Runner Server...
[2024-01-06 07:53:00Z INFO RunnerServer] EstablishVssConnection
[2024-01-06 07:53:00Z INFO RunnerServer] Establish connection with 100 seconds timeout.
[2024-01-06 07:53:00Z INFO GitHubActionsService] Starting operation Location.GetConnectionData
[2024-01-06 07:53:00Z INFO RunnerServer] EstablishVssConnection
[2024-01-06 07:53:00Z INFO RunnerServer] Establish connection with 60 seconds timeout.
[2024-01-06 07:53:00Z INFO GitHubActionsService] Starting operation Location.GetConnectionData
[2024-01-06 07:53:00Z INFO RunnerServer] EstablishVssConnection
[2024-01-06 07:53:00Z INFO RunnerServer] Establish connection with 60 seconds timeout.
[2024-01-06 07:53:00Z INFO GitHubActionsService] Starting operation Location.GetConnectionData
[2024-01-06 07:53:00Z INFO GitHubActionsService] Finished operation Location.GetConnectionData
[2024-01-06 07:53:00Z INFO GitHubActionsService] Finished operation Location.GetConnectionData
[2024-01-06 07:53:00Z INFO GitHubActionsService] Finished operation Location.GetConnectionData
[2024-01-06 07:53:00Z INFO MessageListener] VssConnection created
[2024-01-06 07:53:00Z INFO Terminal] WRITE LINE: 
[2024-01-06 07:53:00Z INFO Terminal] WRITE LINE: 
[2024-01-06 07:53:01Z ERR  GitHubActionsService] POST request to https://pipelinesghubeus5.actions.githubusercontent.com/g5w8GUK1E1fJ0Xhj6aL2f7IXdsmYeN1HI3eTNqtn4IVrjZaBdn/_apis/distributedtask/pools/1/sessions failed. HTTP Status: Conflict
[2024-01-06 07:53:01Z ERR  MessageListener] Catch exception during create session.
[2024-01-06 07:53:01Z ERR  MessageListener] GitHub.DistributedTask.WebApi.TaskAgentSessionConflictException: The actions runner asb already has an active session for owner LAPTOP-12HLFIBT.
   at GitHub.Services.WebApi.VssHttpClientBase.HandleResponseAsync(HttpResponseMessage response, CancellationToken cancellationToken)
   at GitHub.Services.WebApi.VssHttpClientBase.SendAsync(HttpRequestMessage message, HttpCompletionOption completionOption, Object userState, CancellationToken cancellationToken)
   at GitHub.Services.WebApi.VssHttpClientBase.SendAsync[T](HttpRequestMessage message, Object userState, CancellationToken cancellationToken)
   at GitHub.Services.WebApi.VssHttpClientBase.SendAsync[T](HttpMethod method, IEnumerable`1 additionalHeaders, Guid locationId, Object routeValues, ApiResourceVersion version, HttpContent content, IEnumerable`1 queryParameters, Object userState, CancellationToken cancellationToken)
   at GitHub.Runner.Listener.MessageListener.CreateSessionAsync(CancellationToken token)
[2024-01-06 07:53:01Z INFO MessageListener] The session for this runner already exists.
[2024-01-06 07:53:01Z ERR  Terminal] WRITE ERROR: A session for this runner already exists.
[2024-01-06 07:53:01Z INFO MessageListener] The session conflict exception have reached retry limit.
[2024-01-06 07:53:01Z ERR  Terminal] WRITE ERROR: Stop retry on SessionConflictException after retried for 240 seconds.
[2024-01-06 07:53:01Z ERR  Terminal] WRITE ERROR: Failed to create session. The actions runner asb already has an active session for owner LAPTOP-12HLFIBT.
[2024-01-06 07:53:01Z INFO Listener] Runner execution has finished with return code 1
